4_5670.py:66: error: Incompatible types in assignment (expression has type "None", variable has type "int")  [assignment]
5_3653.py:25: error: Name "n" is not defined  [name-defined]
5_17408.py:25: error: Name "n" is not defined  [name-defined]
Found 3 errors in 3 files (checked 10 source files)
